<?xml version="1.0" encoding="UTF-8"?>
<!-- Generated by org.testng.reporters.JUnitXMLReporter -->
<testsuite hostname="SUPERFAST" name="Command line test a4a4dd1b-afbf-4d55-9d1b-0ed370afb28a" tests="2" failures="0" timestamp="21 Mar 2017 18:44:17 GMT" time="30.185" errors="0">
  <testcase name="feature" time="0.031" classname="runnerFiles.Login_FeatureRunner"/>
  <testcase name="feature" time="29.022" classname="runnerFiles.Login_FeatureRunner"/>
</testsuite> <!-- Command line test a4a4dd1b-afbf-4d55-9d1b-0ed370afb28a -->
