<?xml version="1.0" encoding="UTF-8"?>
<!-- Generated by org.testng.reporters.JUnitXMLReporter -->
<testsuite hostname="SUPERFAST" name="Command line test 3e0101e7-cdd0-4b9a-96cb-f5b352697b9a" tests="2" failures="0" timestamp="21 Mar 2017 19:04:49 GMT" time="29.506" errors="0">
  <testcase name="feature" time="0.047" classname="runnerFiles.Login_FeatureRunner"/>
  <testcase name="feature" time="28.376" classname="runnerFiles.Login_FeatureRunner"/>
</testsuite> <!-- Command line test 3e0101e7-cdd0-4b9a-96cb-f5b352697b9a -->
