<?xml version="1.0" encoding="UTF-8"?>
<!-- Generated by org.testng.reporters.JUnitXMLReporter -->
<testsuite hostname="SUPERFAST" name="Command line test 473dc996-aefc-4507-8881-08280e1c2df4" tests="2" failures="0" timestamp="21 Mar 2017 19:13:09 GMT" time="29.365" errors="0">
  <testcase name="feature" time="0.054" classname="runnerFiles.Login_FeatureRunner"/>
  <testcase name="feature" time="28.155" classname="runnerFiles.Login_FeatureRunner"/>
</testsuite> <!-- Command line test 473dc996-aefc-4507-8881-08280e1c2df4 -->
