<?xml version="1.0" encoding="UTF-8"?>
<!-- Generated by org.testng.reporters.JUnitXMLReporter -->
<testsuite hostname="SUPERFAST" name="Command line test 5ef7e19c-649c-4cc7-9f0f-9ef1d845a876" tests="3" failures="0" timestamp="23 Mar 2017 16:28:12 GMT" time="33.161" errors="0">
  <testcase name="feature" time="32.501" classname="runnerFiles.Login_FeatureRunner"/>
  <testcase name="feature" time="0.002" classname="runnerFiles.Login_FeatureRunner"/>
  <testcase name="feature" time="0.002" classname="runnerFiles.Login_FeatureRunner"/>
</testsuite> <!-- Command line test 5ef7e19c-649c-4cc7-9f0f-9ef1d845a876 -->
