<?xml version="1.0" encoding="UTF-8"?>
<!-- Generated by org.testng.reporters.JUnitXMLReporter -->
<testsuite hostname="SUPERFAST" name="Command line test e8c33217-6f21-4513-bbfb-500565ec8852" tests="2" failures="0" timestamp="24 Mar 2017 02:28:30 GMT" time="166.859" errors="0">
  <testcase name="feature" time="0.032" classname="runnerFiles.Login_FeatureRunner"/>
  <testcase name="feature" time="166.211" classname="runnerFiles.Login_FeatureRunner"/>
</testsuite> <!-- Command line test e8c33217-6f21-4513-bbfb-500565ec8852 -->
