<?xml version="1.0" encoding="UTF-8"?>
<!-- Generated by org.testng.reporters.JUnitXMLReporter -->
<testsuite hostname="SUPERFAST" name="Command line test 4dadc1f6-4c4b-4a91-93eb-a4139701fcf9" tests="2" failures="0" timestamp="23 Mar 2017 23:54:35 GMT" time="29.175" errors="0">
  <testcase name="feature" time="27.928" classname="runnerFiles.Login_FeatureRunner"/>
  <testcase name="feature" time="0.0" classname="runnerFiles.Login_FeatureRunner"/>
</testsuite> <!-- Command line test 4dadc1f6-4c4b-4a91-93eb-a4139701fcf9 -->
