<?xml version="1.0" encoding="UTF-8"?>
<!-- Generated by org.testng.reporters.JUnitXMLReporter -->
<testsuite hostname="SUPERFAST" name="Command line test f6398e07-e6aa-453c-ba27-37b1476566ac" tests="2" failures="1" timestamp="24 Mar 2017 00:06:48 GMT" time="111.261" errors="0">
  <testcase name="feature" time="109.911" classname="runnerFiles.Login_FeatureRunner">
    <failure type="cucumber.runtime.CucumberException" message="java.lang.AssertionError: expected [Hello oscar] but found [Hello Oscar]">
      <![CDATA[cucumber.runtime.CucumberException: java.lang.AssertionError: expected [Hello oscar] but found [Hello Oscar]
	at cucumber.api.testng.TestNGCucumberRunner.runCucumber(TestNGCucumberRunner.java:69)
	at cucumber.api.testng.AbstractTestNGCucumberTests.feature(AbstractTestNGCucumberTests.java:21)
	at org.apache.maven.surefire.testng.TestNGExecutor.run(TestNGExecutor.java:91)
	at org.apache.maven.surefire.testng.TestNGDirectoryTestSuite.executeSingleClass(TestNGDirectoryTestSuite.java:128)
	at org.apache.maven.surefire.testng.TestNGDirectoryTestSuite.execute(TestNGDirectoryTestSuite.java:112)
	at org.apache.maven.surefire.testng.TestNGProvider.invoke(TestNGProvider.java:113)
	at org.apache.maven.surefire.booter.ForkedBooter.invokeProviderInSameClassLoader(ForkedBooter.java:200)
	at org.apache.maven.surefire.booter.ForkedBooter.runSuitesInProcess(ForkedBooter.java:153)
	at org.apache.maven.surefire.booter.ForkedBooter.main(ForkedBooter.java:103)
Caused by: java.lang.AssertionError: expected [Hello oscar] but found [Hello Oscar]
	at stepDefs.AccessToSystemSteps.validamos_que_ingresamos_a_pagina_con_mensaje_y_condicion_y_name(AccessToSystemSteps.java:77)
	at ✽.Then Validamos que ingresamos a pagina con mensaje "" y condicion "successfull login" y name "Oscar"(AccessToSystem.feature:9)
... Removed 26 stack frames]]>
    </failure>
  </testcase> <!-- feature -->
  <testcase name="feature" time="0.0" classname="runnerFiles.Login_FeatureRunner"/>
</testsuite> <!-- Command line test f6398e07-e6aa-453c-ba27-37b1476566ac -->
