<?xml version="1.0" encoding="UTF-8"?>
<!-- Generated by org.testng.reporters.JUnitXMLReporter -->
<testsuite hostname="SUPERFAST" name="Command line test 06bad23f-7f43-42ef-acbe-4e180c97f47d" tests="3" failures="0" timestamp="23 Mar 2017 17:04:00 GMT" time="25.911" errors="0">
  <testcase name="feature" time="25.132" classname="runnerFiles.Login_FeatureRunner"/>
  <testcase name="feature" time="0.001" classname="runnerFiles.Login_FeatureRunner"/>
  <testcase name="feature" time="0.002" classname="runnerFiles.Login_FeatureRunner"/>
</testsuite> <!-- Command line test 06bad23f-7f43-42ef-acbe-4e180c97f47d -->
