<?xml version="1.0" encoding="UTF-8"?>
<!-- Generated by org.testng.reporters.JUnitXMLReporter -->
<testsuite hostname="SUPERFAST" name="Command line test b3ff5f92-a530-405d-994f-f4191d55083f" tests="2" failures="0" timestamp="21 Mar 2017 19:37:25 GMT" time="29.621" errors="0">
  <testcase name="feature" time="0.045" classname="runnerFiles.Login_FeatureRunner"/>
  <testcase name="feature" time="28.351" classname="runnerFiles.Login_FeatureRunner"/>
</testsuite> <!-- Command line test b3ff5f92-a530-405d-994f-f4191d55083f -->
