<?xml version="1.0" encoding="UTF-8"?>
<!-- Generated by org.testng.reporters.JUnitXMLReporter -->
<testsuite hostname="SUPERFAST" name="Command line test 0554b102-2b6c-4f94-add7-97186e4aa2c6" tests="3" failures="0" timestamp="23 Mar 2017 20:41:27 GMT" time="28.062" errors="0">
  <testcase name="feature" time="27.104" classname="runnerFiles.Login_FeatureRunner"/>
  <testcase name="feature" time="0.0" classname="runnerFiles.Login_FeatureRunner"/>
  <testcase name="feature" time="0.0" classname="runnerFiles.Login_FeatureRunner"/>
</testsuite> <!-- Command line test 0554b102-2b6c-4f94-add7-97186e4aa2c6 -->
