<?xml version="1.0" encoding="UTF-8"?>
<!-- Generated by org.testng.reporters.JUnitXMLReporter -->
<testsuite hostname="SUPERFAST" name="Command line test 31e8bfdd-d729-457d-a356-6c9dad46c924" tests="3" failures="0" timestamp="23 Mar 2017 21:07:47 GMT" time="25.688" errors="0">
  <testcase name="feature" time="24.654" classname="runnerFiles.Login_FeatureRunner"/>
  <testcase name="feature" time="0.0" classname="runnerFiles.Login_FeatureRunner"/>
  <testcase name="feature" time="0.0" classname="runnerFiles.Login_FeatureRunner"/>
</testsuite> <!-- Command line test 31e8bfdd-d729-457d-a356-6c9dad46c924 -->
