<?xml version="1.0" encoding="UTF-8"?>
<!-- Generated by org.testng.reporters.JUnitXMLReporter -->
<testsuite hostname="SUPERFAST" name="Command line test ed7095f5-fbca-4071-ad44-ebc9c7217c92" tests="2" failures="0" timestamp="21 Mar 2017 19:36:23 GMT" time="29.366" errors="0">
  <testcase name="feature" time="0.069" classname="runnerFiles.Login_FeatureRunner"/>
  <testcase name="feature" time="28.085" classname="runnerFiles.Login_FeatureRunner"/>
</testsuite> <!-- Command line test ed7095f5-fbca-4071-ad44-ebc9c7217c92 -->
