<?xml version="1.0" encoding="UTF-8"?>
<testsuite name="runnerFiles.Login_FeatureRunner" time="204.523" tests="2" errors="0" skipped="0" failures="1">
  <properties>
    <property name="idea.version" value="2016.3.5"/>
    <property name="java.runtime.name" value="Java(TM) SE Runtime Environment"/>
    <property name="sun.boot.library.path" value="C:\Program Files\Java\jdk1.8.0_101\jre\bin"/>
    <property name="java.vm.version" value="25.101-b13"/>
    <property name="java.vm.vendor" value="Oracle Corporation"/>
    <property name="maven.multiModuleProjectDirectory" value="C:\Java\Workspace\VPCodingClub-master\VPCodingClub-master\SeleniumCucumberMaster"/>
    <property name="java.vendor.url" value="http://java.oracle.com/"/>
    <property name="path.separator" value=";"/>
    <property name="guice.disable.misplaced.annotation.check" value="true"/>
    <property name="java.vm.name" value="Java HotSpot(TM) 64-Bit Server VM"/>
    <property name="file.encoding.pkg" value="sun.io"/>
    <property name="idea.launcher.port" value="7536"/>
    <property name="user.script" value=""/>
    <property name="user.country" value="US"/>
    <property name="sun.java.launcher" value="SUN_STANDARD"/>
    <property name="sun.os.patch.level" value=""/>
    <property name="java.vm.specification.name" value="Java Virtual Machine Specification"/>
    <property name="user.dir" value="C:\Java\Workspace\VPCodingClub-master\VPCodingClub-master\SeleniumCucumberMaster"/>
    <property name="java.runtime.version" value="1.8.0_101-b13"/>
    <property name="java.awt.graphicsenv" value="sun.awt.Win32GraphicsEnvironment"/>
    <property name="java.endorsed.dirs" value="C:\Program Files\Java\jdk1.8.0_101\jre\lib\endorsed"/>
    <property name="os.arch" value="amd64"/>
    <property name="java.io.tmpdir" value="C:\Users\LIC~1.OSC\AppData\Local\Temp\"/>
    <property name="line.separator" value="&#10;"/>
    <property name="java.vm.specification.vendor" value="Oracle Corporation"/>
    <property name="user.variant" value=""/>
    <property name="os.name" value="Windows 8.1"/>
    <property name="classworlds.conf" value="C:\Program Files (x86)\JetBrains\IntelliJ IDEA 2016.3.4\plugins\maven\lib\maven3\bin\m2.conf"/>
    <property name="sun.jnu.encoding" value="Cp1252"/>
    <property name="java.library.path" value="C:\Program Files\Java\jdk1.8.0_101\bin;C:\WINDOWS\Sun\Java\bin;C:\WINDOWS\system32;C:\WINDOWS;C:\Program Files (x86)\NVIDIA Corporation\PhysX\Common;C:\Program Files (x86)\Intel\iCLS Client\;C:\Program Files\Intel\iCLS Client\;C:\WINDOWS\system32;C:\WINDOWS;C:\WINDOWS\System32\Wbem;C:\WINDOWS\System32\WindowsPowerShell\v1.0\;C:\Program Files (x86)\Windows Live\Shared;C:\Program Files\Intel\Intel(R) Management Engine Components\DAL;C:\Program Files\Intel\Intel(R) Management Engine Components\IPT;C:\Program Files (x86)\Intel\Intel(R) Management Engine Components\DAL;C:\Program Files (x86)\Intel\Intel(R) Management Engine Components\IPT;C:\Program Files\Java\jdk1.8.0_101\bin;C:\MAVEN\apache-maven-3.0.4\bin;C:\geckodriver.exe;C:\Program Files (x86)\Skype\Phone\;C:\Program Files (x86)\NVIDIA Corporation\PhysX\Common;C:\Program Files (x86)\Intel\iCLS Client\;C:\Program Files\Intel\iCLS Client\;C:\WINDOWS\system32;C:\WINDOWS;C:\WINDOWS\System32\Wbem;C:\WINDOWS\System32\WindowsPowerShell\v1.0\;C:\Program Files (x86)\Windows Live\Shared;C:\Program Files\Intel\Intel(R) Management Engine Components\DAL;C:\Program Files\Intel\Intel(R) Management Engine Components\IPT;C:\Program Files (x86)\Intel\Intel(R) Management Engine Components\DAL;C:\Program Files (x86)\Intel\Intel(R) Management Engine Components\IPT;C:\Program Files\Java\jdk1.8.0_101\bin;C:\MAVEN\apache-maven-3.0.4\bin;C:\Program Files (x86)\Skype\Phone\;C:\Program Files (x86)\NVIDIA Corporation\PhysX\Common;C:\Program Files (x86)\Intel\iCLS Client\;C:\Program Files\Intel\iCLS Client\;C:\WINDOWS\system32;C:\WINDOWS;C:\WINDOWS\System32\Wbem;C:\WINDOWS\System32\WindowsPowerShell\v1.0\;C:\Program Files (x86)\Windows Live\Shared;C:\Program Files\Intel\Intel(R) Management Engine Components\DAL;C:\Program Files\Intel\Intel;C:\geckodriver.exe;."/>
    <property name="java.specification.name" value="Java Platform API Specification"/>
    <property name="java.class.version" value="52.0"/>
    <property name="sun.management.compiler" value="HotSpot 64-Bit Tiered Compilers"/>
    <property name="os.version" value="6.3"/>
    <property name="user.home" value="C:\Users\Lic. Oscar Ruiz"/>
    <property name="user.timezone" value="GMT-04:00"/>
    <property name="java.awt.printerjob" value="sun.awt.windows.WPrinterJob"/>
    <property name="java.specification.version" value="1.8"/>
    <property name="idea.launcher.bin.path" value="C:\Program Files (x86)\JetBrains\IntelliJ IDEA 2016.3.4\bin"/>
    <property name="file.encoding" value="UTF-8"/>
    <property name="user.name" value="Lic. Oscar Ruiz"/>
    <property name="java.class.path" value="C:\Program Files (x86)\JetBrains\IntelliJ IDEA 2016.3.4\plugins\maven\lib\maven3\boot\plexus-classworlds-2.5.2.jar;C:\Program Files (x86)\JetBrains\IntelliJ IDEA 2016.3.4\lib\idea_rt.jar"/>
    <property name="java.vm.specification.version" value="1.8"/>
    <property name="sun.arch.data.model" value="64"/>
    <property name="java.home" value="C:\Program Files\Java\jdk1.8.0_101\jre"/>
    <property name="sun.java.command" value="com.intellij.rt.execution.application.AppMain org.codehaus.classworlds.Launcher -Didea.version=2016.3.5 test -P Archive_Reports,Run_Chrome_Regression_Login,Cucumber_HtmlReports"/>
    <property name="java.specification.vendor" value="Oracle Corporation"/>
    <property name="user.language" value="en"/>
    <property name="awt.toolkit" value="sun.awt.windows.WToolkit"/>
    <property name="java.vm.info" value="mixed mode"/>
    <property name="java.version" value="1.8.0_101"/>
    <property name="java.ext.dirs" value="C:\Program Files\Java\jdk1.8.0_101\jre\lib\ext;C:\WINDOWS\Sun\Java\lib\ext"/>
    <property name="sun.boot.class.path" value="C:\Program Files\Java\jdk1.8.0_101\jre\lib\resources.jar;C:\Program Files\Java\jdk1.8.0_101\jre\lib\rt.jar;C:\Program Files\Java\jdk1.8.0_101\jre\lib\sunrsasign.jar;C:\Program Files\Java\jdk1.8.0_101\jre\lib\jsse.jar;C:\Program Files\Java\jdk1.8.0_101\jre\lib\jce.jar;C:\Program Files\Java\jdk1.8.0_101\jre\lib\charsets.jar;C:\Program Files\Java\jdk1.8.0_101\jre\lib\jfr.jar;C:\Program Files\Java\jdk1.8.0_101\jre\classes"/>
    <property name="java.vendor" value="Oracle Corporation"/>
    <property name="maven.home" value="C:\Program Files (x86)\JetBrains\IntelliJ IDEA 2016.3.4\plugins\maven\lib\maven3"/>
    <property name="file.separator" value="\"/>
    <property name="java.vendor.url.bug" value="http://bugreport.sun.com/bugreport/"/>
    <property name="sun.cpu.endian" value="little"/>
    <property name="sun.io.unicode.encoding" value="UnicodeLittle"/>
    <property name="sun.desktop" value="windows"/>
    <property name="sun.cpu.isalist" value="amd64"/>
  </properties>
  <testcase name="feature" classname="runnerFiles.Login_FeatureRunner" time="0.015"/>
  <testcase name="feature" classname="runnerFiles.Login_FeatureRunner" time="204.508">
    <failure message="java.lang.AssertionError: expected [https://gamedb2.herokuapp.com/signup] but found [https://gamedb2.herokuapp.com/]" type="cucumber.runtime.CucumberException">cucumber.runtime.CucumberException: java.lang.AssertionError: expected [https://gamedb2.herokuapp.com/signup] but found [https://gamedb2.herokuapp.com/]
	at cucumber.api.testng.TestNGCucumberRunner.runCucumber(TestNGCucumberRunner.java:69)
	at cucumber.api.testng.AbstractTestNGCucumberTests.feature(AbstractTestNGCucumberTests.java:21)
	at sun.reflect.NativeMethodAccessorImpl.invoke0(Native Method)
	at sun.reflect.NativeMethodAccessorImpl.invoke(NativeMethodAccessorImpl.java:62)
	at sun.reflect.DelegatingMethodAccessorImpl.invoke(DelegatingMethodAccessorImpl.java:43)
	at java.lang.reflect.Method.invoke(Method.java:498)
	at org.testng.internal.MethodInvocationHelper.invokeMethod(MethodInvocationHelper.java:80)
	at org.testng.internal.Invoker.invokeMethod(Invoker.java:714)
	at org.testng.internal.Invoker.invokeTestMethod(Invoker.java:901)
	at org.testng.internal.Invoker.invokeTestMethods(Invoker.java:1231)
	at org.testng.internal.TestMethodWorker.invokeTestMethods(TestMethodWorker.java:127)
	at org.testng.internal.TestMethodWorker.run(TestMethodWorker.java:111)
	at org.testng.TestRunner.privateRun(TestRunner.java:767)
	at org.testng.TestRunner.run(TestRunner.java:617)
	at org.testng.SuiteRunner.runTest(SuiteRunner.java:334)
	at org.testng.SuiteRunner.runSequentially(SuiteRunner.java:329)
	at org.testng.SuiteRunner.privateRun(SuiteRunner.java:291)
	at org.testng.SuiteRunner.run(SuiteRunner.java:240)
	at org.testng.SuiteRunnerWorker.runSuite(SuiteRunnerWorker.java:52)
	at org.testng.SuiteRunnerWorker.run(SuiteRunnerWorker.java:86)
	at org.testng.TestNG.runSuitesSequentially(TestNG.java:1198)
	at org.testng.TestNG.runSuitesLocally(TestNG.java:1123)
	at org.testng.TestNG.run(TestNG.java:1031)
	at org.apache.maven.surefire.testng.TestNGExecutor.run(TestNGExecutor.java:91)
	at org.apache.maven.surefire.testng.TestNGDirectoryTestSuite.executeSingleClass(TestNGDirectoryTestSuite.java:128)
	at org.apache.maven.surefire.testng.TestNGDirectoryTestSuite.execute(TestNGDirectoryTestSuite.java:112)
	at org.apache.maven.surefire.testng.TestNGProvider.invoke(TestNGProvider.java:113)
	at org.apache.maven.surefire.booter.ForkedBooter.invokeProviderInSameClassLoader(ForkedBooter.java:200)
	at org.apache.maven.surefire.booter.ForkedBooter.runSuitesInProcess(ForkedBooter.java:153)
	at org.apache.maven.surefire.booter.ForkedBooter.main(ForkedBooter.java:103)
Caused by: java.lang.AssertionError: expected [https://gamedb2.herokuapp.com/signup] but found [https://gamedb2.herokuapp.com/]
	at org.testng.Assert.fail(Assert.java:94)
	at org.testng.Assert.failNotEquals(Assert.java:494)
	at org.testng.Assert.assertEquals(Assert.java:123)
	at org.testng.Assert.assertEquals(Assert.java:176)
	at org.testng.Assert.assertEquals(Assert.java:186)
	at stepDefs.SingUpSteps.validamos_que_ingresamos_a_pagina_con_mensaje_condicion_y_name(SingUpSteps.java:77)
	at âœ½.Then Validamos que ingresamos a pagina con mensaje ""condicion "successfull singUp" y name "Oscar"(SingUp.feature:8)
</failure>
    <system-out><![CDATA[Feature: Sing Up at GameDB2

  Scenario Outline: Sing Up con errores o sin errores                                                        &amp#27;[90m# SingUp.feature:3&amp#27;[0m
    &amp#27;[36mGiven &amp#27;[0m&amp#27;[36mNavigate to gamedb2.herokuapp.com&amp#27;[0m
    &amp#27;[36mWhen &amp#27;[0m&amp#27;[36mPresionamos SingUp&amp#27;[0m
    &amp#27;[36mAnd &amp#27;[0m&amp#27;[36mIngresamos name "<name>" email "<email>" password "<password>" y passwordConfirm "<passwordConfirm>"&amp#27;[0m
    &amp#27;[36mAnd &amp#27;[0m&amp#27;[36mPresionamos SingUpSubmit&amp#27;[0m
    &amp#27;[36mThen &amp#27;[0m&amp#27;[36mValidamos que ingresamos a pagina con mensaje "<mensaje>"condicion "<condicion>" y name "<name>"&amp#27;[0m

    Examples: 
$$$$$$$$$$$$$$$$$$$$$ Start of execution of scenario with name: Sing Up con errores o sin errores    $$$$$$$$$$$$$$$$$$$$$$$
browser name BrowserSetUpAndTearDown: chrome
operating system: Windows 8.1
operating system: Windows 8.1
operating system: Windows 8.1
operating system: Windows 8.1
operating system: Windows 8.1
operating system: Windows 8.1
operating system: Windows 8.1
operating system: Windows 8.1
operating system: Windows 8.1
operating system: Windows 8.1
--------------------------- Launching Chrome Browser on Local machine --------------------------- 
from browser class:ChromeDriver: chrome on WIN8_1 (8a118a309510ed09f4d17d466ee1835c)
$$$$$$$$$$$$$$$$$$$$$ Completion of execution of scenario with name: Sing Up con errores o sin errores    $$$$$$$$$$$$$$$$$$$$$$$
driver value:ChromeDriver: chrome on WIN8_1 (8a118a309510ed09f4d17d466ee1835c)
$$$$$$$$$$$$$$$$$$$$$ Start of execution of scenario with name: Sing Up con errores o sin errores    $$$$$$$$$$$$$$$$$$$$$$$
browser name BrowserSetUpAndTearDown: chrome
--------------------------- Launching Chrome Browser on Local machine --------------------------- 
from browser class:ChromeDriver: chrome on WIN8_1 (b078373252e97c04bb8d6992f878aa68)

  Scenario Outline: Sing Up con errores o sin errores                                                                 &amp#27;[90m# SingUp.feature:11&amp#27;[0m
    &amp#27;[32mGiven &amp#27;[0m&amp#27;[32mNavigate to gamedb&amp#27;[0m&amp#27;[32m&amp#27;[1m2&amp#27;[0m&amp#27;[32m.herokuapp.com&amp#27;[0m                                                                           &amp#27;[90m# AccessToSystemSteps.navigate_to_gamedb_herokuapp_com(int)&amp#27;[0m
    &amp#27;[32mWhen &amp#27;[0m&amp#27;[32mPresionamos SingUp&amp#27;[0m                                                                                           &amp#27;[90m# SingUpSteps.presionamos_SingUp()&amp#27;[0m
    &amp#27;[32mAnd &amp#27;[0m&amp#27;[32mIngresamos name "&amp#27;[0m&amp#27;[32m&amp#27;[1m&amp#27;[0m&amp#27;[32m" email "&amp#27;[0m&amp#27;[32m&amp#27;[1mOscar.duim@gmail.com&amp#27;[0m&amp#27;[32m" password "&amp#27;[0m&amp#27;[32m&amp#27;[1m123&amp#27;[0m&amp#27;[32m" y passwordConfirm "&amp#27;[0m&amp#27;[32m&amp#27;[1m123&amp#27;[0m&amp#27;[32m"&amp#27;[0m                        &amp#27;[90m# SingUpSteps.ingresamos_name_email_password_y_passwordConfirm(String,String,String,String)&amp#27;[0m
    &amp#27;[32mAnd &amp#27;[0m&amp#27;[32mPresionamos SingUpSubmit&amp#27;[0m                                                                                      &amp#27;[90m# SingUpSteps.presionamos_SingUpSubmit()&amp#27;[0m
    &amp#27;[32mThen &amp#27;[0m&amp#27;[32mValidamos que ingresamos a pagina con mensaje "&amp#27;[0m&amp#27;[32m&amp#27;[1mA name is required&amp#27;[0m&amp#27;[32m"condicion "&amp#27;[0m&amp#27;[32m&amp#27;[1munsuccessfull singUp&amp#27;[0m&amp#27;[32m" y name "&amp#27;[0m&amp#27;[32m&amp#27;[1m&amp#27;[0m&amp#27;[32m"&amp#27;[0m &amp#27;[90m# SingUpSteps.validamos_que_ingresamos_a_pagina_con_mensaje_condicion_y_name(String,String,String)&amp#27;[0m
$$$$$$$$$$$$$$$$$$$$$ Completion of execution of scenario with name: Sing Up con errores o sin errores    $$$$$$$$$$$$$$$$$$$$$$$
driver value:ChromeDriver: chrome on WIN8_1 (b078373252e97c04bb8d6992f878aa68)
$$$$$$$$$$$$$$$$$$$$$ Start of execution of scenario with name: Sing Up con errores o sin errores    $$$$$$$$$$$$$$$$$$$$$$$
browser name BrowserSetUpAndTearDown: chrome
--------------------------- Launching Chrome Browser on Local machine --------------------------- 
from browser class:ChromeDriver: chrome on WIN8_1 (9c4f941505c149b4a5730d7b3201ed22)

  Scenario Outline: Sing Up con errores o sin errores                                                                              &amp#27;[90m# SingUp.feature:12&amp#27;[0m
    &amp#27;[32mGiven &amp#27;[0m&amp#27;[32mNavigate to gamedb&amp#27;[0m&amp#27;[32m&amp#27;[1m2&amp#27;[0m&amp#27;[32m.herokuapp.com&amp#27;[0m                                                                                        &amp#27;[90m# AccessToSystemSteps.navigate_to_gamedb_herokuapp_com(int)&amp#27;[0m
    &amp#27;[32mWhen &amp#27;[0m&amp#27;[32mPresionamos SingUp&amp#27;[0m                                                                                                        &amp#27;[90m# SingUpSteps.presionamos_SingUp()&amp#27;[0m
    &amp#27;[32mAnd &amp#27;[0m&amp#27;[32mIngresamos name "&amp#27;[0m&amp#27;[32m&amp#27;[1mOscar&amp#27;[0m&amp#27;[32m" email "&amp#27;[0m&amp#27;[32m&amp#27;[1m&amp#27;[0m&amp#27;[32m" password "&amp#27;[0m&amp#27;[32m&amp#27;[1m123&amp#27;[0m&amp#27;[32m" y passwordConfirm "&amp#27;[0m&amp#27;[32m&amp#27;[1m123&amp#27;[0m&amp#27;[32m"&amp#27;[0m                                                    &amp#27;[90m# SingUpSteps.ingresamos_name_email_password_y_passwordConfirm(String,String,String,String)&amp#27;[0m
    &amp#27;[32mAnd &amp#27;[0m&amp#27;[32mPresionamos SingUpSubmit&amp#27;[0m                                                                                                   &amp#27;[90m# SingUpSteps.presionamos_SingUpSubmit()&amp#27;[0m
    &amp#27;[32mThen &amp#27;[0m&amp#27;[32mValidamos que ingresamos a pagina con mensaje "&amp#27;[0m&amp#27;[32m&amp#27;[1mWhat's your email address?&amp#27;[0m&amp#27;[32m"condicion "&amp#27;[0m&amp#27;[32m&amp#27;[1munsuccessfull singUp&amp#27;[0m&amp#27;[32m" y name "&amp#27;[0m&amp#27;[32m&amp#27;[1mOscar&amp#27;[0m&amp#27;[32m"&amp#27;[0m &amp#27;[90m# SingUpSteps.validamos_que_ingresamos_a_pagina_con_mensaje_condicion_y_name(String,String,String)&amp#27;[0m
$$$$$$$$$$$$$$$$$$$$$ Completion of execution of scenario with name: Sing Up con errores o sin errores    $$$$$$$$$$$$$$$$$$$$$$$
driver value:ChromeDriver: chrome on WIN8_1 (9c4f941505c149b4a5730d7b3201ed22)
$$$$$$$$$$$$$$$$$$$$$ Start of execution of scenario with name: Sing Up con errores o sin errores    $$$$$$$$$$$$$$$$$$$$$$$
browser name BrowserSetUpAndTearDown: chrome
--------------------------- Launching Chrome Browser on Local machine --------------------------- 
from browser class:ChromeDriver: chrome on WIN8_1 (e86f640a485fb27a71446854aa41230e)

  Scenario Outline: Sing Up con errores o sin errores                                                                                           &amp#27;[90m# SingUp.feature:13&amp#27;[0m
    &amp#27;[32mGiven &amp#27;[0m&amp#27;[32mNavigate to gamedb&amp#27;[0m&amp#27;[32m&amp#27;[1m2&amp#27;[0m&amp#27;[32m.herokuapp.com&amp#27;[0m                                                                                                     &amp#27;[90m# AccessToSystemSteps.navigate_to_gamedb_herokuapp_com(int)&amp#27;[0m
    &amp#27;[32mWhen &amp#27;[0m&amp#27;[32mPresionamos SingUp&amp#27;[0m                                                                                                                     &amp#27;[90m# SingUpSteps.presionamos_SingUp()&amp#27;[0m
    &amp#27;[32mAnd &amp#27;[0m&amp#27;[32mIngresamos name "&amp#27;[0m&amp#27;[32m&amp#27;[1mOscar&amp#27;[0m&amp#27;[32m" email "&amp#27;[0m&amp#27;[32m&amp#27;[1mOscar.duim@gmail.com&amp#27;[0m&amp#27;[32m" password "&amp#27;[0m&amp#27;[32m&amp#27;[1m&amp#27;[0m&amp#27;[32m" y passwordConfirm "&amp#27;[0m&amp#27;[32m&amp#27;[1m123&amp#27;[0m&amp#27;[32m"&amp#27;[0m                                                &amp#27;[90m# SingUpSteps.ingresamos_name_email_password_y_passwordConfirm(String,String,String,String)&amp#27;[0m
    &amp#27;[32mAnd &amp#27;[0m&amp#27;[32mPresionamos SingUpSubmit&amp#27;[0m                                                                                                                &amp#27;[90m# SingUpSteps.presionamos_SingUpSubmit()&amp#27;[0m
    &amp#27;[32mThen &amp#27;[0m&amp#27;[32mValidamos que ingresamos a pagina con mensaje "&amp#27;[0m&amp#27;[32m&amp#27;[1mPassword must be at least 3 characters.&amp#27;[0m&amp#27;[32m"condicion "&amp#27;[0m&amp#27;[32m&amp#27;[1munsuccessfull singUp&amp#27;[0m&amp#27;[32m" y name "&amp#27;[0m&amp#27;[32m&amp#27;[1mOscar&amp#27;[0m&amp#27;[32m"&amp#27;[0m &amp#27;[90m# SingUpSteps.validamos_que_ingresamos_a_pagina_con_mensaje_condicion_y_name(String,String,String)&amp#27;[0m
$$$$$$$$$$$$$$$$$$$$$ Completion of execution of scenario with name: Sing Up con errores o sin errores    $$$$$$$$$$$$$$$$$$$$$$$
driver value:ChromeDriver: chrome on WIN8_1 (e86f640a485fb27a71446854aa41230e)
$$$$$$$$$$$$$$$$$$$$$ Start of execution of scenario with name: Sing Up con errores o sin errores    $$$$$$$$$$$$$$$$$$$$$$$
browser name BrowserSetUpAndTearDown: chrome
--------------------------- Launching Chrome Browser on Local machine --------------------------- 
from browser class:ChromeDriver: chrome on WIN8_1 (3e59660f52dcb8476ea08cdeba78a85b)

  Scenario Outline: Sing Up con errores o sin errores                                                                                   &amp#27;[90m# SingUp.feature:14&amp#27;[0m
    &amp#27;[32mGiven &amp#27;[0m&amp#27;[32mNavigate to gamedb&amp#27;[0m&amp#27;[32m&amp#27;[1m2&amp#27;[0m&amp#27;[32m.herokuapp.com&amp#27;[0m                                                                                             &amp#27;[90m# AccessToSystemSteps.navigate_to_gamedb_herokuapp_com(int)&amp#27;[0m
    &amp#27;[32mWhen &amp#27;[0m&amp#27;[32mPresionamos SingUp&amp#27;[0m                                                                                                             &amp#27;[90m# SingUpSteps.presionamos_SingUp()&amp#27;[0m
    &amp#27;[32mAnd &amp#27;[0m&amp#27;[32mIngresamos name "&amp#27;[0m&amp#27;[32m&amp#27;[1mOscar&amp#27;[0m&amp#27;[32m" email "&amp#27;[0m&amp#27;[32m&amp#27;[1mOscar.duim@gmail.com&amp#27;[0m&amp#27;[32m" password "&amp#27;[0m&amp#27;[32m&amp#27;[1m123&amp#27;[0m&amp#27;[32m" y passwordConfirm "&amp#27;[0m&amp#27;[32m&amp#27;[1m&amp#27;[0m&amp#27;[32m"&amp#27;[0m                                        &amp#27;[90m# SingUpSteps.ingresamos_name_email_password_y_passwordConfirm(String,String,String,String)&amp#27;[0m
    &amp#27;[32mAnd &amp#27;[0m&amp#27;[32mPresionamos SingUpSubmit&amp#27;[0m                                                                                                        &amp#27;[90m# SingUpSteps.presionamos_SingUpSubmit()&amp#27;[0m
    &amp#27;[32mThen &amp#27;[0m&amp#27;[32mValidamos que ingresamos a pagina con mensaje "&amp#27;[0m&amp#27;[32m&amp#27;[1mconfirmPassword cannot be empty&amp#27;[0m&amp#27;[32m"condicion "&amp#27;[0m&amp#27;[32m&amp#27;[1munsuccessfull singUp&amp#27;[0m&amp#27;[32m" y name "&amp#27;[0m&amp#27;[32m&amp#27;[1mOscar&amp#27;[0m&amp#27;[32m"&amp#27;[0m &amp#27;[90m# SingUpSteps.validamos_que_ingresamos_a_pagina_con_mensaje_condicion_y_name(String,String,String)&amp#27;[0m
$$$$$$$$$$$$$$$$$$$$$ Completion of execution of scenario with name: Sing Up con errores o sin errores    $$$$$$$$$$$$$$$$$$$$$$$
driver value:ChromeDriver: chrome on WIN8_1 (3e59660f52dcb8476ea08cdeba78a85b)
$$$$$$$$$$$$$$$$$$$$$ Start of execution of scenario with name: Sing Up con errores o sin errores    $$$$$$$$$$$$$$$$$$$$$$$
browser name BrowserSetUpAndTearDown: chrome
--------------------------- Launching Chrome Browser on Local machine --------------------------- 
from browser class:ChromeDriver: chrome on WIN8_1 (8e85ceb5a6cff04adcbefa9e481c9c66)

  Scenario Outline: Sing Up con errores o sin errores                                                                                                  &amp#27;[90m# SingUp.feature:15&amp#27;[0m
    &amp#27;[32mGiven &amp#27;[0m&amp#27;[32mNavigate to gamedb&amp#27;[0m&amp#27;[32m&amp#27;[1m2&amp#27;[0m&amp#27;[32m.herokuapp.com&amp#27;[0m                                                                                                            &amp#27;[90m# AccessToSystemSteps.navigate_to_gamedb_herokuapp_com(int)&amp#27;[0m
    &amp#27;[32mWhen &amp#27;[0m&amp#27;[32mPresionamos SingUp&amp#27;[0m                                                                                                                            &amp#27;[90m# SingUpSteps.presionamos_SingUp()&amp#27;[0m
    &amp#27;[32mAnd &amp#27;[0m&amp#27;[32mIngresamos name "&amp#27;[0m&amp#27;[32m&amp#27;[1mOscar&amp#27;[0m&amp#27;[32m" email "&amp#27;[0m&amp#27;[32m&amp#27;[1mOscar.duim@gmail.com&amp#27;[0m&amp#27;[32m" password "&amp#27;[0m&amp#27;[32m&amp#27;[1m123&amp#27;[0m&amp#27;[32m" y passwordConfirm "&amp#27;[0m&amp#27;[32m&amp#27;[1m123&amp#27;[0m&amp#27;[32m"&amp#27;[0m                                                    &amp#27;[90m# SingUpSteps.ingresamos_name_email_password_y_passwordConfirm(String,String,String,String)&amp#27;[0m
    &amp#27;[32mAnd &amp#27;[0m&amp#27;[32mPresionamos SingUpSubmit&amp#27;[0m                                                                                                                       &amp#27;[90m# SingUpSteps.presionamos_SingUpSubmit()&amp#27;[0m
    &amp#27;[32mThen &amp#27;[0m&amp#27;[32mValidamos que ingresamos a pagina con mensaje "&amp#27;[0m&amp#27;[32m&amp#27;[1mThe specified email address is already in use.&amp#27;[0m&amp#27;[32m"condicion "&amp#27;[0m&amp#27;[32m&amp#27;[1munsuccessfull singUp&amp#27;[0m&amp#27;[32m" y name "&amp#27;[0m&amp#27;[32m&amp#27;[1mOscar&amp#27;[0m&amp#27;[32m"&amp#27;[0m &amp#27;[90m# SingUpSteps.validamos_que_ingresamos_a_pagina_con_mensaje_condicion_y_name(String,String,String)&amp#27;[0m
$$$$$$$$$$$$$$$$$$$$$ Completion of execution of scenario with name: Sing Up con errores o sin errores    $$$$$$$$$$$$$$$$$$$$$$$
driver value:ChromeDriver: chrome on WIN8_1 (8e85ceb5a6cff04adcbefa9e481c9c66)

  Scenario Outline: Sing Up con errores o sin errores                                                  &amp#27;[90m# SingUp.feature:16&amp#27;[0m
    &amp#27;[32mGiven &amp#27;[0m&amp#27;[32mNavigate to gamedb&amp#27;[0m&amp#27;[32m&amp#27;[1m2&amp#27;[0m&amp#27;[32m.herokuapp.com&amp#27;[0m                                                            &amp#27;[90m# AccessToSystemSteps.navigate_to_gamedb_herokuapp_com(int)&amp#27;[0m
    &amp#27;[32mWhen &amp#27;[0m&amp#27;[32mPresionamos SingUp&amp#27;[0m                                                                            &amp#27;[90m# SingUpSteps.presionamos_SingUp()&amp#27;[0m
    &amp#27;[32mAnd &amp#27;[0m&amp#27;[32mIngresamos name "&amp#27;[0m&amp#27;[32m&amp#27;[1mOscar&amp#27;[0m&amp#27;[32m" email "&amp#27;[0m&amp#27;[32m&amp#27;[1mOscar.duim@biv13.com&amp#27;[0m&amp#27;[32m" password "&amp#27;[0m&amp#27;[32m&amp#27;[1m123&amp#27;[0m&amp#27;[32m" y passwordConfirm "&amp#27;[0m&amp#27;[32m&amp#27;[1m123&amp#27;[0m&amp#27;[32m"&amp#27;[0m    &amp#27;[90m# SingUpSteps.ingresamos_name_email_password_y_passwordConfirm(String,String,String,String)&amp#27;[0m
    &amp#27;[32mAnd &amp#27;[0m&amp#27;[32mPresionamos SingUpSubmit&amp#27;[0m                                                                       &amp#27;[90m# SingUpSteps.presionamos_SingUpSubmit()&amp#27;[0m
    &amp#27;[31mThen &amp#27;[0m&amp#27;[31mValidamos que ingresamos a pagina con mensaje "&amp#27;[0m&amp#27;[31m&amp#27;[1m&amp#27;[0m&amp#27;[31m"condicion "&amp#27;[0m&amp#27;[31m&amp#27;[1msuccessfull singUp&amp#27;[0m&amp#27;[31m" y name "&amp#27;[0m&amp#27;[31m&amp#27;[1mOscar&amp#27;[0m&amp#27;[31m"&amp#27;[0m &amp#27;[90m# SingUpSteps.validamos_que_ingresamos_a_pagina_con_mensaje_condicion_y_name(String,String,String)&amp#27;[0m
      &amp#27;[31mjava.lang.AssertionError: expected [https://gamedb2.herokuapp.com/signup] but found [https://gamedb2.herokuapp.com/]
      	at org.testng.Assert.fail(Assert.java:94)
      	at org.testng.Assert.failNotEquals(Assert.java:494)
      	at org.testng.Assert.assertEquals(Assert.java:123)
      	at org.testng.Assert.assertEquals(Assert.java:176)
      	at org.testng.Assert.assertEquals(Assert.java:186)
      	at stepDefs.SingUpSteps.validamos_que_ingresamos_a_pagina_con_mensaje_condicion_y_name(SingUpSteps.java:77)
      	at ?.Then Validamos que ingresamos a pagina con mensaje ""condicion "successfull singUp" y name "Oscar"(SingUp.feature:8)
      &amp#27;[0m
]]></system-out>
    <system-err><![CDATA[Starting ChromeDriver 2.28.455520 (cc17746adff54984afff480136733114c6b3704b) on port 4568
Only local connections are allowed.
Mar 23, 2017 10:35:02 PM org.openqa.selenium.remote.ProtocolHandshake createSession
INFO: Attempting bi-dialect session, assuming Postel's Law holds true on the remote end
Mar 23, 2017 10:35:05 PM org.openqa.selenium.remote.ProtocolHandshake createSession
INFO: Detected dialect: OSS
Starting ChromeDriver 2.28.455520 (cc17746adff54984afff480136733114c6b3704b) on port 5945
Only local connections are allowed.
Mar 23, 2017 10:35:40 PM org.openqa.selenium.remote.ProtocolHandshake createSession
INFO: Attempting bi-dialect session, assuming Postel's Law holds true on the remote end
Mar 23, 2017 10:35:42 PM org.openqa.selenium.remote.ProtocolHandshake createSession
INFO: Detected dialect: OSS
Starting ChromeDriver 2.28.455520 (cc17746adff54984afff480136733114c6b3704b) on port 39130
Only local connections are allowed.
Mar 23, 2017 10:36:16 PM org.openqa.selenium.remote.ProtocolHandshake createSession
INFO: Attempting bi-dialect session, assuming Postel's Law holds true on the remote end
Mar 23, 2017 10:36:18 PM org.openqa.selenium.remote.ProtocolHandshake createSession
INFO: Detected dialect: OSS
Starting ChromeDriver 2.28.455520 (cc17746adff54984afff480136733114c6b3704b) on port 39365
Only local connections are allowed.
Mar 23, 2017 10:36:41 PM org.openqa.selenium.remote.ProtocolHandshake createSession
INFO: Attempting bi-dialect session, assuming Postel's Law holds true on the remote end
Mar 23, 2017 10:36:44 PM org.openqa.selenium.remote.ProtocolHandshake createSession
INFO: Detected dialect: OSS
Starting ChromeDriver 2.28.455520 (cc17746adff54984afff480136733114c6b3704b) on port 19407
Only local connections are allowed.
Mar 23, 2017 10:37:20 PM org.openqa.selenium.remote.ProtocolHandshake createSession
INFO: Attempting bi-dialect session, assuming Postel's Law holds true on the remote end
Mar 23, 2017 10:37:22 PM org.openqa.selenium.remote.ProtocolHandshake createSession
INFO: Detected dialect: OSS
Starting ChromeDriver 2.28.455520 (cc17746adff54984afff480136733114c6b3704b) on port 27080
Only local connections are allowed.
Mar 23, 2017 10:37:57 PM org.openqa.selenium.remote.ProtocolHandshake createSession
INFO: Attempting bi-dialect session, assuming Postel's Law holds true on the remote end
Mar 23, 2017 10:38:00 PM org.openqa.selenium.remote.ProtocolHandshake createSession
INFO: Detected dialect: OSS
]]></system-err>
  </testcase>
</testsuite>