<?xml version="1.0" encoding="UTF-8"?>
<testsuite name="runnerFiles.Games_FeatureRunner" time="38.247" tests="3" errors="0" skipped="0" failures="1">
  <properties>
[...]
</properties>
  <testcase name="feature" classname="runnerFiles.Games_FeatureRunner" time="0.015"/>
  <testcase name="feature" classname="runnerFiles.Games_FeatureRunner" time="0"/>
  <testcase name="feature" classname="runnerFiles.Games_FeatureRunner" time="38.232">
    <failure message="java.lang.AssertionError: Game cannot be updated because it was not found... expected [true] but found [false]" type="cucumber.runtime.CucumberException">cucumber.runtime.CucumberException: java.lang.AssertionError: Game cannot be updated because it was not found... expected [true] but found [false]
	at cucumber.api.testng.TestNGCucumberRunner.runCucumber(TestNGCucumberRunner.java:69)
	at cucumber.api.testng.AbstractTestNGCucumberTests.feature(AbstractTestNGCucumberTests.java:21)
	at sun.reflect.NativeMethodAccessorImpl.invoke0(Native Method)
	at sun.reflect.NativeMethodAccessorImpl.invoke(NativeMethodAccessorImpl.java:62)
	at sun.reflect.DelegatingMethodAccessorImpl.invoke(DelegatingMethodAccessorImpl.java:43)
	at java.lang.reflect.Method.invoke(Method.java:498)
	at org.testng.internal.MethodInvocationHelper.invokeMethod(MethodInvocationHelper.java:80)
	at org.testng.internal.Invoker.invokeMethod(Invoker.java:714)
	at org.testng.internal.Invoker.invokeTestMethod(Invoker.java:901)
	at org.testng.internal.Invoker.invokeTestMethods(Invoker.java:1231)
	at org.testng.internal.TestMethodWorker.invokeTestMethods(TestMethodWorker.java:127)
	at org.testng.internal.TestMethodWorker.run(TestMethodWorker.java:111)
	at org.testng.TestRunner.privateRun(TestRunner.java:767)
	at org.testng.TestRunner.run(TestRunner.java:617)
	at org.testng.SuiteRunner.runTest(SuiteRunner.java:334)
	at org.testng.SuiteRunner.runSequentially(SuiteRunner.java:329)
	at org.testng.SuiteRunner.privateRun(SuiteRunner.java:291)
	at org.testng.SuiteRunner.run(SuiteRunner.java:240)
	at org.testng.SuiteRunnerWorker.runSuite(SuiteRunnerWorker.java:52)
	at org.testng.SuiteRunnerWorker.run(SuiteRunnerWorker.java:86)
	at org.testng.TestNG.runSuitesSequentially(TestNG.java:1198)
	at org.testng.TestNG.runSuitesLocally(TestNG.java:1123)
	at org.testng.TestNG.run(TestNG.java:1031)
	at org.apache.maven.surefire.testng.TestNGExecutor.run(TestNGExecutor.java:91)
	at org.apache.maven.surefire.testng.TestNGDirectoryTestSuite.executeSingleClass(TestNGDirectoryTestSuite.java:128)
	at org.apache.maven.surefire.testng.TestNGDirectoryTestSuite.execute(TestNGDirectoryTestSuite.java:112)
	at org.apache.maven.surefire.testng.TestNGProvider.invoke(TestNGProvider.java:113)
	at org.apache.maven.surefire.booter.ForkedBooter.invokeProviderInSameClassLoader(ForkedBooter.java:200)
	at org.apache.maven.surefire.booter.ForkedBooter.runSuitesInProcess(ForkedBooter.java:153)
	at org.apache.maven.surefire.booter.ForkedBooter.main(ForkedBooter.java:103)
Caused by: java.lang.AssertionError: Game cannot be updated because it was not found... expected [true] but found [false]
	at org.testng.Assert.fail(Assert.java:94)
	at org.testng.Assert.failNotEquals(Assert.java:494)
	at org.testng.Assert.assertTrue(Assert.java:42)
	at stepDefs.UpdateGames.actualizamos_Game_con_atributos_Name_Platform_y_Genre_por_atributos_NewName_NewPlataform_NewGenre(UpdateGames.java:39)
	at ✽.And actualizamos Game con atributos Name "JUEGO NO EXISTE Y FALLARA" Platform "PLATAFORMA NO EXISTE Y FALLARA" y Genre "GENERO NO EXISTE Y FALLARA" por atributos NewName"NEW NAME" NewPlataform"NEW PLATFORM" NewGenre"NEW GENRE"(UpdateGames.feature:10)
</failure>
    <system-out><![CDATA[Feature: Update Games

  Scenario Outline: Borrar juegos de la plataforma                                                                                                                               &amp#27;[90m# UpdateGames.feature:4&amp#27;[0m
    &amp#27;[36mGiven &amp#27;[0m&amp#27;[36mNavigate to gamedb2.herokuapp.com&amp#27;[0m
    &amp#27;[36mWhen &amp#27;[0m&amp#27;[36mPresionamos login&amp#27;[0m
    &amp#27;[36mAnd &amp#27;[0m&amp#27;[36mIngresamos email "<email>" y password "<pass>"&amp#27;[0m
    &amp#27;[36mAnd &amp#27;[0m&amp#27;[36mPresionamos Submit login&amp#27;[0m
    &amp#27;[36mAnd &amp#27;[0m&amp#27;[36mPresionamos Games&amp#27;[0m
    &amp#27;[36mAnd &amp#27;[0m&amp#27;[36mactualizamos Game con atributos Name "<name>" Platform "<platform>" y Genre "<genre>" por atributos NewName"<newname>" NewPlataform"<newplataform>" NewGenre"<newgenre>"&amp#27;[0m

    Examples: 
$$$$$$$$$$$$$$$$$$$$$ Start of execution of scenario with name: Borrar juegos de la plataforma    $$$$$$$$$$$$$$$$$$$$$$$
browser name BrowserSetUpAndTearDown: chrome
operating system: Windows 8.1
operating system: Windows 8.1
operating system: Windows 8.1
operating system: Windows 8.1
operating system: Windows 8.1
operating system: Windows 8.1
operating system: Windows 8.1
operating system: Windows 8.1
operating system: Windows 8.1
operating system: Windows 8.1
--------------------------- Launching Chrome Browser on Local machine --------------------------- 
from browser class:ChromeDriver: chrome on WIN8_1 (0d8557863f47327e5549a7cc05396175)
Element is Not Present
$$$$$$$$$$$$$$$$$$$$$ Completion of execution of scenario with name: Borrar juegos de la plataforma    $$$$$$$$$$$$$$$$$$$$$$$
driver value:ChromeDriver: chrome on WIN8_1 (0d8557863f47327e5549a7cc05396175)

  #|Oscar.duim@yahoo.com|123|Mortal Kombat|Play Station|Fight|Mortal Kombat UPDATED|Play Station UPDATED|Fight UPDATED|
  #|Oscar.duim@yahoo.com|123|Mortal Kombat 2|Play Station2|Pelea|Mortal Kombat 2 ACTUALIZADO|Play Station2 ACTUALIZADO|Pelea ACTUALIZADO|
  #|Oscar.duim@yahoo.com|123|Mortal Kombat 3|WII|Adultos|Mortal Kombat 3 UPDATED|WII UPDATED|Adultos UPDATED|
  #|Oscar.duim@yahoo.com|123|Zelda|Nintendo64|RPG|Zelda ACTUALIZADO|Nintendo64 ACTUALIZADO|RPG ACTUALIZADO|
  #|Oscar.duim@yahoo.com|123|GTA|Xbox One|Violencia|GTA UPDATED|Xbox One UPDATED|Violencia UPDATED|
  Scenario Outline: Borrar juegos de la plataforma                                                                                                                                                                                     &amp#27;[90m# UpdateGames.feature:20&amp#27;[0m
    &amp#27;[32mGiven &amp#27;[0m&amp#27;[32mNavigate to gamedb&amp#27;[0m&amp#27;[32m&amp#27;[1m2&amp#27;[0m&amp#27;[32m.herokuapp.com&amp#27;[0m                                                                                                                                                                                            &amp#27;[90m# AccessToSystemSteps.navigate_to_gamedb_herokuapp_com(int)&amp#27;[0m
    &amp#27;[32mWhen &amp#27;[0m&amp#27;[32mPresionamos login&amp#27;[0m                                                                                                                                                                                                             &amp#27;[90m# AccessToSystemSteps.presionamos_login()&amp#27;[0m
    &amp#27;[32mAnd &amp#27;[0m&amp#27;[32mIngresamos email "&amp#27;[0m&amp#27;[32m&amp#27;[1mOscar.duim@yahoo.com&amp#27;[0m&amp#27;[32m" y password "&amp#27;[0m&amp#27;[32m&amp#27;[1m123&amp#27;[0m&amp#27;[32m"&amp#27;[0m                                                                                                                                                                       &amp#27;[90m# AccessToSystemSteps.ingresamos_email_y_password(String,String)&amp#27;[0m
    &amp#27;[32mAnd &amp#27;[0m&amp#27;[32mPresionamos Submit login&amp#27;[0m                                                                                                                                                                                                       &amp#27;[90m# AccessToSystemSteps.presionamos_Submit_login()&amp#27;[0m
    &amp#27;[32mAnd &amp#27;[0m&amp#27;[32mPresionamos Games&amp#27;[0m                                                                                                                                                                                                              &amp#27;[90m# AddGames.presionamos_Games()&amp#27;[0m
    &amp#27;[31mAnd &amp#27;[0m&amp#27;[31mactualizamos Game con atributos Name "&amp#27;[0m&amp#27;[31m&amp#27;[1mJUEGO NO EXISTE Y FALLARA&amp#27;[0m&amp#27;[31m" Platform "&amp#27;[0m&amp#27;[31m&amp#27;[1mPLATAFORMA NO EXISTE Y FALLARA&amp#27;[0m&amp#27;[31m" y Genre "&amp#27;[0m&amp#27;[31m&amp#27;[1mGENERO NO EXISTE Y FALLARA&amp#27;[0m&amp#27;[31m" por atributos NewName"&amp#27;[0m&amp#27;[31m&amp#27;[1mNEW NAME&amp#27;[0m&amp#27;[31m" NewPlataform"&amp#27;[0m&amp#27;[31m&amp#27;[1mNEW PLATFORM&amp#27;[0m&amp#27;[31m" NewGenre"&amp#27;[0m&amp#27;[31m&amp#27;[1mNEW GENRE&amp#27;[0m&amp#27;[31m"&amp#27;[0m &amp#27;[90m# UpdateGames.actualizamos_Game_con_atributos_Name_Platform_y_Genre_por_atributos_NewName_NewPlataform_NewGenre(String,String,String,String,String,String)&amp#27;[0m
      &amp#27;[31mjava.lang.AssertionError: Game cannot be updated because it was not found... expected [true] but found [false]
      	at org.testng.Assert.fail(Assert.java:94)
      	at org.testng.Assert.failNotEquals(Assert.java:494)
      	at org.testng.Assert.assertTrue(Assert.java:42)
      	at stepDefs.UpdateGames.actualizamos_Game_con_atributos_Name_Platform_y_Genre_por_atributos_NewName_NewPlataform_NewGenre(UpdateGames.java:39)
      	at ?.And actualizamos Game con atributos Name "JUEGO NO EXISTE Y FALLARA" Platform "PLATAFORMA NO EXISTE Y FALLARA" y Genre "GENERO NO EXISTE Y FALLARA" por atributos NewName"NEW NAME" NewPlataform"NEW PLATFORM" NewGenre"NEW GENRE"(UpdateGames.feature:10)
      &amp#27;[0m
]]></system-out>
    <system-err><![CDATA[Starting ChromeDriver 2.28.455520 (cc17746adff54984afff480136733114c6b3704b) on port 14778
Only local connections are allowed.
Mar 23, 2017 7:20:53 PM org.openqa.selenium.remote.ProtocolHandshake createSession
INFO: Attempting bi-dialect session, assuming Postel's Law holds true on the remote end
Mar 23, 2017 7:20:56 PM org.openqa.selenium.remote.ProtocolHandshake createSession
INFO: Detected dialect: OSS
]]></system-err>
  </testcase>
</testsuite>