<?xml version="1.0" encoding="UTF-8"?>
<testsuite name="runnerFiles.Games_FeatureRunner" time="38.247" tests="3" errors="0" skipped="0" failures="1">
  <properties>
    <property name="idea.version" value="2016.3.5"/>
    <property name="java.runtime.name" value="Java(TM) SE Runtime Environment"/>
    <property name="sun.boot.library.path" value="C:\Program Files\Java\jdk1.8.0_101\jre\bin"/>
    <property name="java.vm.version" value="25.101-b13"/>
    <property name="java.vm.vendor" value="Oracle Corporation"/>
    <property name="maven.multiModuleProjectDirectory" value="C:\Java\Workspace\VPCodingClub-master\VPCodingClub-master\SeleniumCucumberMaster"/>
    <property name="java.vendor.url" value="http://java.oracle.com/"/>
    <property name="path.separator" value=";"/>
    <property name="guice.disable.misplaced.annotation.check" value="true"/>
    <property name="java.vm.name" value="Java HotSpot(TM) 64-Bit Server VM"/>
    <property name="file.encoding.pkg" value="sun.io"/>
    <property name="idea.launcher.port" value="7534"/>
    <property name="user.script" value=""/>
    <property name="user.country" value="US"/>
    <property name="sun.java.launcher" value="SUN_STANDARD"/>
    <property name="sun.os.patch.level" value=""/>
    <property name="java.vm.specification.name" value="Java Virtual Machine Specification"/>
    <property name="user.dir" value="C:\Java\Workspace\VPCodingClub-master\VPCodingClub-master\SeleniumCucumberMaster"/>
    <property name="java.runtime.version" value="1.8.0_101-b13"/>
    <property name="java.awt.graphicsenv" value="sun.awt.Win32GraphicsEnvironment"/>
    <property name="java.endorsed.dirs" value="C:\Program Files\Java\jdk1.8.0_101\jre\lib\endorsed"/>
    <property name="os.arch" value="amd64"/>
    <property name="java.io.tmpdir" value="C:\Users\LIC~1.OSC\AppData\Local\Temp\"/>
    <property name="line.separator" value="&#10;"/>
    <property name="java.vm.specification.vendor" value="Oracle Corporation"/>
    <property name="user.variant" value=""/>
    <property name="os.name" value="Windows 8.1"/>
    <property name="classworlds.conf" value="C:\Program Files (x86)\JetBrains\IntelliJ IDEA 2016.3.4\plugins\maven\lib\maven3\bin\m2.conf"/>
    <property name="sun.jnu.encoding" value="Cp1252"/>
    <property name="java.library.path" value="C:\Program Files\Java\jdk1.8.0_101\bin;C:\WINDOWS\Sun\Java\bin;C:\WINDOWS\system32;C:\WINDOWS;C:\Program Files (x86)\NVIDIA Corporation\PhysX\Common;C:\Program Files (x86)\Intel\iCLS Client\;C:\Program Files\Intel\iCLS Client\;C:\WINDOWS\system32;C:\WINDOWS;C:\WINDOWS\System32\Wbem;C:\WINDOWS\System32\WindowsPowerShell\v1.0\;C:\Program Files (x86)\Windows Live\Shared;C:\Program Files\Intel\Intel(R) Management Engine Components\DAL;C:\Program Files\Intel\Intel(R) Management Engine Components\IPT;C:\Program Files (x86)\Intel\Intel(R) Management Engine Components\DAL;C:\Program Files (x86)\Intel\Intel(R) Management Engine Components\IPT;C:\Program Files\Java\jdk1.8.0_101\bin;C:\MAVEN\apache-maven-3.0.4\bin;C:\geckodriver.exe;C:\Program Files (x86)\Skype\Phone\;C:\Program Files (x86)\NVIDIA Corporation\PhysX\Common;C:\Program Files (x86)\Intel\iCLS Client\;C:\Program Files\Intel\iCLS Client\;C:\WINDOWS\system32;C:\WINDOWS;C:\WINDOWS\System32\Wbem;C:\WINDOWS\System32\WindowsPowerShell\v1.0\;C:\Program Files (x86)\Windows Live\Shared;C:\Program Files\Intel\Intel(R) Management Engine Components\DAL;C:\Program Files\Intel\Intel(R) Management Engine Components\IPT;C:\Program Files (x86)\Intel\Intel(R) Management Engine Components\DAL;C:\Program Files (x86)\Intel\Intel(R) Management Engine Components\IPT;C:\Program Files\Java\jdk1.8.0_101\bin;C:\MAVEN\apache-maven-3.0.4\bin;C:\Program Files (x86)\Skype\Phone\;C:\Program Files (x86)\NVIDIA Corporation\PhysX\Common;C:\Program Files (x86)\Intel\iCLS Client\;C:\Program Files\Intel\iCLS Client\;C:\WINDOWS\system32;C:\WINDOWS;C:\WINDOWS\System32\Wbem;C:\WINDOWS\System32\WindowsPowerShell\v1.0\;C:\Program Files (x86)\Windows Live\Shared;C:\Program Files\Intel\Intel(R) Management Engine Components\DAL;C:\Program Files\Intel\Intel;C:\geckodriver.exe;."/>
    <property name="java.specification.name" value="Java Platform API Specification"/>
    <property name="java.class.version" value="52.0"/>
    <property name="sun.management.compiler" value="HotSpot 64-Bit Tiered Compilers"/>
    <property name="os.version" value="6.3"/>
    <property name="user.home" value="C:\Users\Lic. Oscar Ruiz"/>
    <property name="user.timezone" value="GMT-04:00"/>
    <property name="java.awt.printerjob" value="sun.awt.windows.WPrinterJob"/>
    <property name="java.specification.version" value="1.8"/>
    <property name="idea.launcher.bin.path" value="C:\Program Files (x86)\JetBrains\IntelliJ IDEA 2016.3.4\bin"/>
    <property name="file.encoding" value="UTF-8"/>
    <property name="user.name" value="Lic. Oscar Ruiz"/>
    <property name="java.class.path" value="C:\Program Files (x86)\JetBrains\IntelliJ IDEA 2016.3.4\plugins\maven\lib\maven3\boot\plexus-classworlds-2.5.2.jar;C:\Program Files (x86)\JetBrains\IntelliJ IDEA 2016.3.4\lib\idea_rt.jar"/>
    <property name="java.vm.specification.version" value="1.8"/>
    <property name="sun.arch.data.model" value="64"/>
    <property name="java.home" value="C:\Program Files\Java\jdk1.8.0_101\jre"/>
    <property name="sun.java.command" value="com.intellij.rt.execution.application.AppMain org.codehaus.classworlds.Launcher -Didea.version=2016.3.5 test -P Archive_Reports,Run_Chrome_Regression_Games,Cucumber_HtmlReports"/>
    <property name="java.specification.vendor" value="Oracle Corporation"/>
    <property name="user.language" value="en"/>
    <property name="awt.toolkit" value="sun.awt.windows.WToolkit"/>
    <property name="java.vm.info" value="mixed mode"/>
    <property name="java.version" value="1.8.0_101"/>
    <property name="java.ext.dirs" value="C:\Program Files\Java\jdk1.8.0_101\jre\lib\ext;C:\WINDOWS\Sun\Java\lib\ext"/>
    <property name="sun.boot.class.path" value="C:\Program Files\Java\jdk1.8.0_101\jre\lib\resources.jar;C:\Program Files\Java\jdk1.8.0_101\jre\lib\rt.jar;C:\Program Files\Java\jdk1.8.0_101\jre\lib\sunrsasign.jar;C:\Program Files\Java\jdk1.8.0_101\jre\lib\jsse.jar;C:\Program Files\Java\jdk1.8.0_101\jre\lib\jce.jar;C:\Program Files\Java\jdk1.8.0_101\jre\lib\charsets.jar;C:\Program Files\Java\jdk1.8.0_101\jre\lib\jfr.jar;C:\Program Files\Java\jdk1.8.0_101\jre\classes"/>
    <property name="java.vendor" value="Oracle Corporation"/>
    <property name="maven.home" value="C:\Program Files (x86)\JetBrains\IntelliJ IDEA 2016.3.4\plugins\maven\lib\maven3"/>
    <property name="file.separator" value="\"/>
    <property name="java.vendor.url.bug" value="http://bugreport.sun.com/bugreport/"/>
    <property name="sun.cpu.endian" value="little"/>
    <property name="sun.io.unicode.encoding" value="UnicodeLittle"/>
    <property name="sun.desktop" value="windows"/>
    <property name="sun.cpu.isalist" value="amd64"/>
  </properties>
  <testcase name="feature" classname="runnerFiles.Games_FeatureRunner" time="0.015"/>
  <testcase name="feature" classname="runnerFiles.Games_FeatureRunner" time="0"/>
  <testcase name="feature" classname="runnerFiles.Games_FeatureRunner" time="38.232">
    <failure message="java.lang.AssertionError: Game cannot be updated because it was not found... expected [true] but found [false]" type="cucumber.runtime.CucumberException">cucumber.runtime.CucumberException: java.lang.AssertionError: Game cannot be updated because it was not found... expected [true] but found [false]
	at cucumber.api.testng.TestNGCucumberRunner.runCucumber(TestNGCucumberRunner.java:69)
	at cucumber.api.testng.AbstractTestNGCucumberTests.feature(AbstractTestNGCucumberTests.java:21)
	at sun.reflect.NativeMethodAccessorImpl.invoke0(Native Method)
	at sun.reflect.NativeMethodAccessorImpl.invoke(NativeMethodAccessorImpl.java:62)
	at sun.reflect.DelegatingMethodAccessorImpl.invoke(DelegatingMethodAccessorImpl.java:43)
	at java.lang.reflect.Method.invoke(Method.java:498)
	at org.testng.internal.MethodInvocationHelper.invokeMethod(MethodInvocationHelper.java:80)
	at org.testng.internal.Invoker.invokeMethod(Invoker.java:714)
	at org.testng.internal.Invoker.invokeTestMethod(Invoker.java:901)
	at org.testng.internal.Invoker.invokeTestMethods(Invoker.java:1231)
	at org.testng.internal.TestMethodWorker.invokeTestMethods(TestMethodWorker.java:127)
	at org.testng.internal.TestMethodWorker.run(TestMethodWorker.java:111)
	at org.testng.TestRunner.privateRun(TestRunner.java:767)
	at org.testng.TestRunner.run(TestRunner.java:617)
	at org.testng.SuiteRunner.runTest(SuiteRunner.java:334)
	at org.testng.SuiteRunner.runSequentially(SuiteRunner.java:329)
	at org.testng.SuiteRunner.privateRun(SuiteRunner.java:291)
	at org.testng.SuiteRunner.run(SuiteRunner.java:240)
	at org.testng.SuiteRunnerWorker.runSuite(SuiteRunnerWorker.java:52)
	at org.testng.SuiteRunnerWorker.run(SuiteRunnerWorker.java:86)
	at org.testng.TestNG.runSuitesSequentially(TestNG.java:1198)
	at org.testng.TestNG.runSuitesLocally(TestNG.java:1123)
	at org.testng.TestNG.run(TestNG.java:1031)
	at org.apache.maven.surefire.testng.TestNGExecutor.run(TestNGExecutor.java:91)
	at org.apache.maven.surefire.testng.TestNGDirectoryTestSuite.executeSingleClass(TestNGDirectoryTestSuite.java:128)
	at org.apache.maven.surefire.testng.TestNGDirectoryTestSuite.execute(TestNGDirectoryTestSuite.java:112)
	at org.apache.maven.surefire.testng.TestNGProvider.invoke(TestNGProvider.java:113)
	at org.apache.maven.surefire.booter.ForkedBooter.invokeProviderInSameClassLoader(ForkedBooter.java:200)
	at org.apache.maven.surefire.booter.ForkedBooter.runSuitesInProcess(ForkedBooter.java:153)
	at org.apache.maven.surefire.booter.ForkedBooter.main(ForkedBooter.java:103)
Caused by: java.lang.AssertionError: Game cannot be updated because it was not found... expected [true] but found [false]
	at org.testng.Assert.fail(Assert.java:94)
	at org.testng.Assert.failNotEquals(Assert.java:494)
	at org.testng.Assert.assertTrue(Assert.java:42)
	at stepDefs.UpdateGames.actualizamos_Game_con_atributos_Name_Platform_y_Genre_por_atributos_NewName_NewPlataform_NewGenre(UpdateGames.java:39)
	at âœ½.And actualizamos Game con atributos Name "JUEGO NO EXISTE Y FALLARA" Platform "PLATAFORMA NO EXISTE Y FALLARA" y Genre "GENERO NO EXISTE Y FALLARA" por atributos NewName"NEW NAME" NewPlataform"NEW PLATFORM" NewGenre"NEW GENRE"(UpdateGames.feature:10)
</failure>
    <system-out><![CDATA[Feature: Update Games

  Scenario Outline: Borrar juegos de la plataforma                                                                                                                               &amp#27;[90m# UpdateGames.feature:4&amp#27;[0m
    &amp#27;[36mGiven &amp#27;[0m&amp#27;[36mNavigate to gamedb2.herokuapp.com&amp#27;[0m
    &amp#27;[36mWhen &amp#27;[0m&amp#27;[36mPresionamos login&amp#27;[0m
    &amp#27;[36mAnd &amp#27;[0m&amp#27;[36mIngresamos email "<email>" y password "<pass>"&amp#27;[0m
    &amp#27;[36mAnd &amp#27;[0m&amp#27;[36mPresionamos Submit login&amp#27;[0m
    &amp#27;[36mAnd &amp#27;[0m&amp#27;[36mPresionamos Games&amp#27;[0m
    &amp#27;[36mAnd &amp#27;[0m&amp#27;[36mactualizamos Game con atributos Name "<name>" Platform "<platform>" y Genre "<genre>" por atributos NewName"<newname>" NewPlataform"<newplataform>" NewGenre"<newgenre>"&amp#27;[0m

    Examples: 
$$$$$$$$$$$$$$$$$$$$$ Start of execution of scenario with name: Borrar juegos de la plataforma    $$$$$$$$$$$$$$$$$$$$$$$
browser name BrowserSetUpAndTearDown: chrome
operating system: Windows 8.1
operating system: Windows 8.1
operating system: Windows 8.1
operating system: Windows 8.1
operating system: Windows 8.1
operating system: Windows 8.1
operating system: Windows 8.1
operating system: Windows 8.1
operating system: Windows 8.1
operating system: Windows 8.1
--------------------------- Launching Chrome Browser on Local machine --------------------------- 
from browser class:ChromeDriver: chrome on WIN8_1 (0d8557863f47327e5549a7cc05396175)
Element is Not Present
$$$$$$$$$$$$$$$$$$$$$ Completion of execution of scenario with name: Borrar juegos de la plataforma    $$$$$$$$$$$$$$$$$$$$$$$
driver value:ChromeDriver: chrome on WIN8_1 (0d8557863f47327e5549a7cc05396175)

  #|Oscar.duim@yahoo.com|123|Mortal Kombat|Play Station|Fight|Mortal Kombat UPDATED|Play Station UPDATED|Fight UPDATED|
  #|Oscar.duim@yahoo.com|123|Mortal Kombat 2|Play Station2|Pelea|Mortal Kombat 2 ACTUALIZADO|Play Station2 ACTUALIZADO|Pelea ACTUALIZADO|
  #|Oscar.duim@yahoo.com|123|Mortal Kombat 3|WII|Adultos|Mortal Kombat 3 UPDATED|WII UPDATED|Adultos UPDATED|
  #|Oscar.duim@yahoo.com|123|Zelda|Nintendo64|RPG|Zelda ACTUALIZADO|Nintendo64 ACTUALIZADO|RPG ACTUALIZADO|
  #|Oscar.duim@yahoo.com|123|GTA|Xbox One|Violencia|GTA UPDATED|Xbox One UPDATED|Violencia UPDATED|
  Scenario Outline: Borrar juegos de la plataforma                                                                                                                                                                                     &amp#27;[90m# UpdateGames.feature:20&amp#27;[0m
    &amp#27;[32mGiven &amp#27;[0m&amp#27;[32mNavigate to gamedb&amp#27;[0m&amp#27;[32m&amp#27;[1m2&amp#27;[0m&amp#27;[32m.herokuapp.com&amp#27;[0m                                                                                                                                                                                            &amp#27;[90m# AccessToSystemSteps.navigate_to_gamedb_herokuapp_com(int)&amp#27;[0m
    &amp#27;[32mWhen &amp#27;[0m&amp#27;[32mPresionamos login&amp#27;[0m                                                                                                                                                                                                             &amp#27;[90m# AccessToSystemSteps.presionamos_login()&amp#27;[0m
    &amp#27;[32mAnd &amp#27;[0m&amp#27;[32mIngresamos email "&amp#27;[0m&amp#27;[32m&amp#27;[1mOscar.duim@yahoo.com&amp#27;[0m&amp#27;[32m" y password "&amp#27;[0m&amp#27;[32m&amp#27;[1m123&amp#27;[0m&amp#27;[32m"&amp#27;[0m                                                                                                                                                                       &amp#27;[90m# AccessToSystemSteps.ingresamos_email_y_password(String,String)&amp#27;[0m
    &amp#27;[32mAnd &amp#27;[0m&amp#27;[32mPresionamos Submit login&amp#27;[0m                                                                                                                                                                                                       &amp#27;[90m# AccessToSystemSteps.presionamos_Submit_login()&amp#27;[0m
    &amp#27;[32mAnd &amp#27;[0m&amp#27;[32mPresionamos Games&amp#27;[0m                                                                                                                                                                                                              &amp#27;[90m# AddGames.presionamos_Games()&amp#27;[0m
    &amp#27;[31mAnd &amp#27;[0m&amp#27;[31mactualizamos Game con atributos Name "&amp#27;[0m&amp#27;[31m&amp#27;[1mJUEGO NO EXISTE Y FALLARA&amp#27;[0m&amp#27;[31m" Platform "&amp#27;[0m&amp#27;[31m&amp#27;[1mPLATAFORMA NO EXISTE Y FALLARA&amp#27;[0m&amp#27;[31m" y Genre "&amp#27;[0m&amp#27;[31m&amp#27;[1mGENERO NO EXISTE Y FALLARA&amp#27;[0m&amp#27;[31m" por atributos NewName"&amp#27;[0m&amp#27;[31m&amp#27;[1mNEW NAME&amp#27;[0m&amp#27;[31m" NewPlataform"&amp#27;[0m&amp#27;[31m&amp#27;[1mNEW PLATFORM&amp#27;[0m&amp#27;[31m" NewGenre"&amp#27;[0m&amp#27;[31m&amp#27;[1mNEW GENRE&amp#27;[0m&amp#27;[31m"&amp#27;[0m &amp#27;[90m# UpdateGames.actualizamos_Game_con_atributos_Name_Platform_y_Genre_por_atributos_NewName_NewPlataform_NewGenre(String,String,String,String,String,String)&amp#27;[0m
      &amp#27;[31mjava.lang.AssertionError: Game cannot be updated because it was not found... expected [true] but found [false]
      	at org.testng.Assert.fail(Assert.java:94)
      	at org.testng.Assert.failNotEquals(Assert.java:494)
      	at org.testng.Assert.assertTrue(Assert.java:42)
      	at stepDefs.UpdateGames.actualizamos_Game_con_atributos_Name_Platform_y_Genre_por_atributos_NewName_NewPlataform_NewGenre(UpdateGames.java:39)
      	at ?.And actualizamos Game con atributos Name "JUEGO NO EXISTE Y FALLARA" Platform "PLATAFORMA NO EXISTE Y FALLARA" y Genre "GENERO NO EXISTE Y FALLARA" por atributos NewName"NEW NAME" NewPlataform"NEW PLATFORM" NewGenre"NEW GENRE"(UpdateGames.feature:10)
      &amp#27;[0m
]]></system-out>
    <system-err><![CDATA[Starting ChromeDriver 2.28.455520 (cc17746adff54984afff480136733114c6b3704b) on port 14778
Only local connections are allowed.
Mar 23, 2017 7:20:53 PM org.openqa.selenium.remote.ProtocolHandshake createSession
INFO: Attempting bi-dialect session, assuming Postel's Law holds true on the remote end
Mar 23, 2017 7:20:56 PM org.openqa.selenium.remote.ProtocolHandshake createSession
INFO: Detected dialect: OSS
]]></system-err>
  </testcase>
</testsuite>