<?xml version="1.0" encoding="UTF-8"?>
<!-- Generated by org.testng.reporters.JUnitXMLReporter -->
<testsuite hostname="SUPERFAST" name="Command line test 016a9e20-60b1-415b-b0e0-2840d75989e6" tests="3" failures="1" timestamp="23 Mar 2017 23:21:29 GMT" time="38.966" errors="0">
  <testcase name="feature" time="0.015" classname="runnerFiles.Games_FeatureRunner"/>
  <testcase name="feature" time="0.0" classname="runnerFiles.Games_FeatureRunner"/>
  <testcase name="feature" time="38.218" classname="runnerFiles.Games_FeatureRunner">
    <failure type="cucumber.runtime.CucumberException" message="java.lang.AssertionError: Game cannot be updated because it was not found... expected [true] but found [false]">
      <![CDATA[cucumber.runtime.CucumberException: java.lang.AssertionError: Game cannot be updated because it was not found... expected [true] but found [false]
	at cucumber.api.testng.TestNGCucumberRunner.runCucumber(TestNGCucumberRunner.java:69)
	at cucumber.api.testng.AbstractTestNGCucumberTests.feature(AbstractTestNGCucumberTests.java:21)
	at org.apache.maven.surefire.testng.TestNGExecutor.run(TestNGExecutor.java:91)
	at org.apache.maven.surefire.testng.TestNGDirectoryTestSuite.executeSingleClass(TestNGDirectoryTestSuite.java:128)
	at org.apache.maven.surefire.testng.TestNGDirectoryTestSuite.execute(TestNGDirectoryTestSuite.java:112)
	at org.apache.maven.surefire.testng.TestNGProvider.invoke(TestNGProvider.java:113)
	at org.apache.maven.surefire.booter.ForkedBooter.invokeProviderInSameClassLoader(ForkedBooter.java:200)
	at org.apache.maven.surefire.booter.ForkedBooter.runSuitesInProcess(ForkedBooter.java:153)
	at org.apache.maven.surefire.booter.ForkedBooter.main(ForkedBooter.java:103)
Caused by: java.lang.AssertionError: Game cannot be updated because it was not found... expected [true] but found [false]
	at stepDefs.UpdateGames.actualizamos_Game_con_atributos_Name_Platform_y_Genre_por_atributos_NewName_NewPlataform_NewGenre(UpdateGames.java:39)
	at ✽.And actualizamos Game con atributos Name "JUEGO NO EXISTE Y FALLARA" Platform "PLATAFORMA NO EXISTE Y FALLARA" y Genre "GENERO NO EXISTE Y FALLARA" por atributos NewName"NEW NAME" NewPlataform"NEW PLATFORM" NewGenre"NEW GENRE"(UpdateGames.feature:10)
... Removed 24 stack frames]]>
    </failure>
  </testcase> <!-- feature -->
</testsuite> <!-- Command line test 016a9e20-60b1-415b-b0e0-2840d75989e6 -->
