<?xml version="1.0" encoding="UTF-8"?>
<!-- Generated by org.testng.reporters.JUnitXMLReporter -->
<testsuite hostname="SUPERFAST" name="Command line test a94406cf-38e8-4a2c-93cd-bdbf9a424248" tests="3" failures="0" timestamp="23 Mar 2017 22:34:11 GMT" time="41.934" errors="0">
  <testcase name="feature" time="0.028" classname="runnerFiles.Games_FeatureRunner"/>
  <testcase name="feature" time="40.975" classname="runnerFiles.Games_FeatureRunner"/>
  <testcase name="feature" time="0.003" classname="runnerFiles.Games_FeatureRunner"/>
</testsuite> <!-- Command line test a94406cf-38e8-4a2c-93cd-bdbf9a424248 -->
