<?xml version="1.0" encoding="UTF-8"?>
<!-- Generated by org.testng.reporters.JUnitXMLReporter -->
<testsuite hostname="SUPERFAST" name="Command line test f0268f65-3170-43c1-b247-3e5eec690445" tests="3" failures="0" timestamp="23 Mar 2017 21:53:21 GMT" time="31.613" errors="0">
  <testcase name="feature" time="0.044" classname="runnerFiles.Games_FeatureRunner"/>
  <testcase name="feature" time="0.0" classname="runnerFiles.Games_FeatureRunner"/>
  <testcase name="feature" time="30.411" classname="runnerFiles.Games_FeatureRunner"/>
</testsuite> <!-- Command line test f0268f65-3170-43c1-b247-3e5eec690445 -->
