<?xml version="1.0" encoding="UTF-8"?>
<!-- Generated by org.testng.reporters.JUnitXMLReporter -->
<testsuite hostname="SUPERFAST" name="Command line test a6a38eee-48d9-4ea6-8d77-632f298e245f" tests="3" failures="0" timestamp="22 Mar 2017 23:24:45 GMT" time="52.844" errors="0">
  <testcase name="feature" time="0.047" classname="runnerFiles.Games_FeatureRunner"/>
  <testcase name="feature" time="51.441" classname="runnerFiles.Games_FeatureRunner"/>
  <testcase name="feature" time="0.0" classname="runnerFiles.Games_FeatureRunner"/>
</testsuite> <!-- Command line test a6a38eee-48d9-4ea6-8d77-632f298e245f -->
