<?xml version="1.0" encoding="UTF-8"?>
<!-- Generated by org.testng.reporters.JUnitXMLReporter -->
<testsuite hostname="SUPERFAST" name="Command line test 959a6819-e0da-40b1-83e5-e950d5c7ae35" tests="2" failures="1" timestamp="22 Mar 2017 01:27:22 GMT" time="30.291" errors="0">
  <testcase name="feature" time="0.063" classname="runnerFiles.Games_FeatureRunner"/>
  <testcase name="feature" time="28.931" classname="runnerFiles.Games_FeatureRunner">
    <failure type="cucumber.runtime.CucumberException" message="java.lang.AssertionError: Game name is not has been deleted expected [false] but found [true]">
      <![CDATA[cucumber.runtime.CucumberException: java.lang.AssertionError: Game name is not has been deleted expected [false] but found [true]
	at cucumber.api.testng.TestNGCucumberRunner.runCucumber(TestNGCucumberRunner.java:69)
	at cucumber.api.testng.AbstractTestNGCucumberTests.feature(AbstractTestNGCucumberTests.java:21)
	at org.apache.maven.surefire.testng.TestNGExecutor.run(TestNGExecutor.java:91)
	at org.apache.maven.surefire.testng.TestNGDirectoryTestSuite.executeSingleClass(TestNGDirectoryTestSuite.java:128)
	at org.apache.maven.surefire.testng.TestNGDirectoryTestSuite.execute(TestNGDirectoryTestSuite.java:112)
	at org.apache.maven.surefire.testng.TestNGProvider.invoke(TestNGProvider.java:113)
	at org.apache.maven.surefire.booter.ForkedBooter.invokeProviderInSameClassLoader(ForkedBooter.java:200)
	at org.apache.maven.surefire.booter.ForkedBooter.runSuitesInProcess(ForkedBooter.java:153)
	at org.apache.maven.surefire.booter.ForkedBooter.main(ForkedBooter.java:103)
Caused by: java.lang.AssertionError: Game name is not has been deleted expected [false] but found [true]
	at stepDefs.DeleteGames.borramos_Game_con_atributos_Name_Platform_y_Genre(DeleteGames.java:39)
	at ✽.And Borramos Game con atributos Name "Killer Instint" Platform "Nintendo64" y Genre "Pelea"(DeleteGames.feature:9)
... Removed 24 stack frames]]>
    </failure>
  </testcase> <!-- feature -->
</testsuite> <!-- Command line test 959a6819-e0da-40b1-83e5-e950d5c7ae35 -->
