<?xml version="1.0" encoding="UTF-8"?>
<!-- Generated by org.testng.reporters.JUnitXMLReporter -->
<testsuite hostname="SUPERFAST" name="Command line test aeee198c-feca-48fe-9521-efd486b91bec" tests="3" failures="0" timestamp="23 Mar 2017 02:45:29 GMT" time="28.333" errors="0">
  <testcase name="feature" time="0.031" classname="runnerFiles.Games_FeatureRunner"/>
  <testcase name="feature" time="0.0" classname="runnerFiles.Games_FeatureRunner"/>
  <testcase name="feature" time="27.453" classname="runnerFiles.Games_FeatureRunner"/>
</testsuite> <!-- Command line test aeee198c-feca-48fe-9521-efd486b91bec -->
