<?xml version="1.0" encoding="UTF-8"?>
<!-- Generated by org.testng.reporters.JUnitXMLReporter -->
<testsuite hostname="SUPERFAST" name="Command line test b7e3c238-f03c-4a02-ac85-4cd922c500cf" tests="2" failures="0" timestamp="22 Mar 2017 01:34:56 GMT" time="36.473" errors="0">
  <testcase name="feature" time="35.706" classname="runnerFiles.Games_FeatureRunner"/>
  <testcase name="feature" time="0.0" classname="runnerFiles.Games_FeatureRunner"/>
</testsuite> <!-- Command line test b7e3c238-f03c-4a02-ac85-4cd922c500cf -->
