<?xml version="1.0" encoding="UTF-8"?>
<!-- Generated by org.testng.reporters.JUnitXMLReporter -->
<testsuite hostname="SUPERFAST" name="Command line test f58803c2-319f-4538-8a80-8e859eb7e542" tests="2" failures="0" timestamp="22 Mar 2017 00:59:47 GMT" time="35.226" errors="0">
  <testcase name="feature" time="0.063" classname="runnerFiles.Games_FeatureRunner"/>
  <testcase name="feature" time="33.921" classname="runnerFiles.Games_FeatureRunner"/>
</testsuite> <!-- Command line test f58803c2-319f-4538-8a80-8e859eb7e542 -->
