<?xml version="1.0" encoding="UTF-8"?>
<!-- Generated by org.testng.reporters.JUnitXMLReporter -->
<testsuite hostname="SUPERFAST" name="Command line test f7a21955-b41c-45b2-b5c9-cc1279b2b312" tests="3" failures="1" timestamp="23 Mar 2017 22:03:01 GMT" time="37.133" errors="0">
  <testcase name="feature" time="0.022" classname="runnerFiles.Games_FeatureRunner"/>
  <testcase name="feature" time="0.001" classname="runnerFiles.Games_FeatureRunner"/>
  <testcase name="feature" time="36.075" classname="runnerFiles.Games_FeatureRunner">
    <failure type="cucumber.runtime.CucumberException" message="java.lang.AssertionError: Game cannot be updated because it was not found... expected [true] but found [false]">
      <![CDATA[cucumber.runtime.CucumberException: java.lang.AssertionError: Game cannot be updated because it was not found... expected [true] but found [false]
	at cucumber.api.testng.TestNGCucumberRunner.runCucumber(TestNGCucumberRunner.java:69)
	at cucumber.api.testng.AbstractTestNGCucumberTests.feature(AbstractTestNGCucumberTests.java:21)
	at org.apache.maven.surefire.testng.TestNGExecutor.run(TestNGExecutor.java:91)
	at org.apache.maven.surefire.testng.TestNGDirectoryTestSuite.executeSingleClass(TestNGDirectoryTestSuite.java:128)
	at org.apache.maven.surefire.testng.TestNGDirectoryTestSuite.execute(TestNGDirectoryTestSuite.java:112)
	at org.apache.maven.surefire.testng.TestNGProvider.invoke(TestNGProvider.java:113)
	at org.apache.maven.surefire.booter.ForkedBooter.invokeProviderInSameClassLoader(ForkedBooter.java:200)
	at org.apache.maven.surefire.booter.ForkedBooter.runSuitesInProcess(ForkedBooter.java:153)
	at org.apache.maven.surefire.booter.ForkedBooter.main(ForkedBooter.java:103)
Caused by: java.lang.AssertionError: Game cannot be updated because it was not found... expected [true] but found [false]
	at stepDefs.UpdateGames.actualizamos_Game_con_atributos_Name_Platform_y_Genre_por_atributos_NewName_NewPlataform_NewGenre(UpdateGames.java:39)
	at ✽.And actualizamos Game con atributos Name "Killer Instint 0" Platform "Nintendo64" y Genre "Pela" por atributos NewName"Mortal Kombat 2" NewPlataform"Play Station" NewGenre"Fight"(UpdateGames.feature:10)
... Removed 24 stack frames]]>
    </failure>
  </testcase> <!-- feature -->
</testsuite> <!-- Command line test f7a21955-b41c-45b2-b5c9-cc1279b2b312 -->
