<?xml version="1.0" encoding="UTF-8"?>
<!-- Generated by org.testng.reporters.JUnitXMLReporter -->
<testsuite hostname="SUPERFAST" name="Command line test bbeb9671-b28f-46ad-8d04-6c572e194681" tests="2" failures="0" timestamp="22 Mar 2017 01:38:59 GMT" time="33.61" errors="0">
  <testcase name="feature" time="32.284" classname="runnerFiles.Games_FeatureRunner"/>
  <testcase name="feature" time="0.0" classname="runnerFiles.Games_FeatureRunner"/>
</testsuite> <!-- Command line test bbeb9671-b28f-46ad-8d04-6c572e194681 -->
