<?xml version="1.0" encoding="UTF-8"?>
<!-- Generated by org.testng.reporters.JUnitXMLReporter -->
<testsuite hostname="SUPERFAST" name="Command line test e2708feb-0b2c-4024-befa-8a37ab5bef87" tests="3" failures="0" timestamp="22 Mar 2017 17:47:31 GMT" time="33.399" errors="0">
  <testcase name="feature" time="0.047" classname="runnerFiles.Games_FeatureRunner"/>
  <testcase name="feature" time="0.016" classname="runnerFiles.Games_FeatureRunner"/>
  <testcase name="feature" time="32.125" classname="runnerFiles.Games_FeatureRunner"/>
</testsuite> <!-- Command line test e2708feb-0b2c-4024-befa-8a37ab5bef87 -->
