<?xml version="1.0" encoding="UTF-8"?>
<!-- Generated by org.testng.reporters.JUnitXMLReporter -->
<testsuite hostname="SUPERFAST" name="Command line test 7d2ccbf7-874f-4da5-9aac-c5062ff47f4b" tests="2" failures="0" timestamp="15 Mar 2017 23:41:17 GMT" time="16.758" errors="0">
  <testcase name="feature" time="0.031" classname="runnerFiles.Regression_Core_FeatureRunner"/>
  <testcase name="feature" time="16.153" classname="runnerFiles.Regression_Core_FeatureRunner"/>
</testsuite> <!-- Command line test 7d2ccbf7-874f-4da5-9aac-c5062ff47f4b -->
