<?xml version="1.0" encoding="UTF-8"?>
<!-- Generated by org.testng.reporters.JUnitXMLReporter -->
<testsuite hostname="SUPERFAST" name="Command line test 1dfdb586-bced-4d6c-8730-ef33481cdedd" tests="2" failures="0" timestamp="20 Mar 2017 02:30:08 GMT" time="31.192" errors="0">
  <testcase name="feature" time="0.047" classname="runnerFiles.Regression_Core_FeatureRunner"/>
  <testcase name="feature" time="29.646" classname="runnerFiles.Regression_Core_FeatureRunner"/>
</testsuite> <!-- Command line test 1dfdb586-bced-4d6c-8730-ef33481cdedd -->
