<?xml version="1.0" encoding="UTF-8"?>
<!-- Generated by org.testng.reporters.JUnitXMLReporter -->
<testsuite hostname="SUPERFAST" name="Command line test 7c15f7d5-6e87-49db-b5be-7e0db7b8668a" tests="2" failures="0" timestamp="15 Mar 2017 23:12:29 GMT" time="18.868" errors="0">
  <testcase name="feature" time="0.063" classname="runnerFiles.Regression_Core_FeatureRunner"/>
  <testcase name="feature" time="17.571" classname="runnerFiles.Regression_Core_FeatureRunner"/>
</testsuite> <!-- Command line test 7c15f7d5-6e87-49db-b5be-7e0db7b8668a -->
