<?xml version="1.0" encoding="UTF-8"?>
<!-- Generated by org.testng.reporters.JUnitXMLReporter -->
<testsuite hostname="SUPERFAST" name="Command line test b6c1421a-9ef1-4e02-a448-dc116f70fe2d" tests="2" failures="0" timestamp="20 Mar 2017 17:04:56 GMT" time="76.427" errors="0">
  <testcase name="feature" time="0.078" classname="runnerFiles.Regression_Core_FeatureRunner"/>
  <testcase name="feature" time="74.748" classname="runnerFiles.Regression_Core_FeatureRunner"/>
</testsuite> <!-- Command line test b6c1421a-9ef1-4e02-a448-dc116f70fe2d -->
