<?xml version="1.0" encoding="UTF-8"?>
<!-- Generated by org.testng.reporters.JUnitXMLReporter -->
<testsuite hostname="SUPERFAST" name="Command line test c7206d13-3f33-48e0-8fb2-dc6b683c1591" tests="2" failures="1" timestamp="15 Mar 2017 23:26:22 GMT" time="32.275" errors="0">
  <testcase name="feature" time="0.047" classname="runnerFiles.Regression_Core_FeatureRunner"/>
  <testcase name="feature" time="30.6" classname="runnerFiles.Regression_Core_FeatureRunner">
    <failure type="cucumber.runtime.CucumberException" message="java.lang.AssertionError: expected [Please enter your email and password.] but found []">
      <![CDATA[cucumber.runtime.CucumberException: java.lang.AssertionError: expected [Please enter your email and password.] but found []
	at cucumber.api.testng.TestNGCucumberRunner.runCucumber(TestNGCucumberRunner.java:69)
	at cucumber.api.testng.AbstractTestNGCucumberTests.feature(AbstractTestNGCucumberTests.java:21)
	at org.apache.maven.surefire.testng.TestNGExecutor.run(TestNGExecutor.java:91)
	at org.apache.maven.surefire.testng.TestNGDirectoryTestSuite.executeSingleClass(TestNGDirectoryTestSuite.java:128)
	at org.apache.maven.surefire.testng.TestNGDirectoryTestSuite.execute(TestNGDirectoryTestSuite.java:112)
	at org.apache.maven.surefire.testng.TestNGProvider.invoke(TestNGProvider.java:113)
	at org.apache.maven.surefire.booter.ForkedBooter.invokeProviderInSameClassLoader(ForkedBooter.java:200)
	at org.apache.maven.surefire.booter.ForkedBooter.runSuitesInProcess(ForkedBooter.java:153)
	at org.apache.maven.surefire.booter.ForkedBooter.main(ForkedBooter.java:103)
Caused by: java.lang.AssertionError: expected [Please enter your email and password.] but found []
	at stepDefs.TestCaseGameDB2.validamos_que_ingresamos_a_la_pagina_con_el_mensaje(TestCaseGameDB2.java:56)
	at ✽.Then Validamos que ingresamos a la pagina con el mensaje "Please enter your email and password."(Test2.feature:10)
... Removed 26 stack frames]]>
    </failure>
  </testcase> <!-- feature -->
</testsuite> <!-- Command line test c7206d13-3f33-48e0-8fb2-dc6b683c1591 -->
